<?xml version="1.0" encoding="UTF-8"?>
<!-- Generated by org.testng.reporters.JUnitReportReporter -->
<testsuite skipped="0" hostname="LAPTOP-FHIILKK3" name="com.test.RemoveItemTest" tests="1" failures="0" timestamp="2022-05-06T08:06:19 IST" time="9.792" errors="0">
  <testcase name="Removeitem" time="9.792" classname="com.test.RemoveItemTest"/>
  <system-out/>
</testsuite> <!-- com.test.RemoveItemTest -->
